Arguments: 
  /home/serafim/.nvm/versions/node/v14.15.3/bin/node /home/serafim/.yarn/bin/yarn.js add express

PATH: 
  /home/serafim/.yarn/bin:/home/serafim/.config/yarn/global/node_modules/.bin:/home/serafim/.nvm/versions/node/v14.15.3/bin:/usr/local/sbin:/usr/local/bin:/usr/sbin:/usr/bin:/sbin:/bin:/usr/games:/usr/local/games:/mnt/c/Python39/Scripts/:/mnt/c/Python39/:/mnt/c/Windows/system32:/mnt/c/Windows:/mnt/c/Windows/System32/Wbem:/mnt/c/Windows/System32/WindowsPowerShell/v1.0/:/mnt/c/Windows/System32/OpenSSH/:/mnt/c/Program Files/nodejs/:/mnt/c/ProgramData/chocolatey/bin:/mnt/c/Program Files/Git/cmd:/mnt/c/Program Files (x86)/Yarn/bin/:/mnt/c/Go/bin:/mnt/c/Program Files (x86)/NVIDIA Corporation/PhysX/Common:/mnt/c/Program Files/NVIDIA Corporation/NVIDIA NvDLISR:/mnt/c/Users/Серафим/AppData/Local/Microsoft/WindowsApps:/mnt/c/Users/Серафим/AppData/Local/Programs/Microsoft VS Code/bin:/mnt/c/Users/Серафим/AppData/Roaming/npm:/mnt/c/Program Files (x86)/GitHub CLI/:/mnt/c/Users/Серафим/AppData/Local/Yarn/bin:/mnt/c/tools/neovim/Neovim/bin:/mnt/c/Users/Серафим/go/bin:/snap/bin

Yarn version: 
  1.22.5

Node version: 
  14.15.3

Platform: 
  linux x64

Trace: 
  Error: getaddrinfo EAI_AGAIN registry.yarnpkg.com
      at GetAddrInfoReqWrap.onlookup [as oncomplete] (dns.js:67:26)

npm manifest: 
  {
    "name": "timestamp-microservice",
    "version": "0.0.1",
    "main": "index.ts",
    "license": "MIT"
  }

yarn manifest: 
  No manifest

Lockfile: 
  # THIS IS AN AUTOGENERATED FILE. DO NOT EDIT THIS FILE DIRECTLY.
  # yarn lockfile v1
